<?xml version="1.0" encoding="UTF-8"?>
<Site BuildName="Darwin-g++-7"
	BuildStamp="20180517-1248-Continuous"
	Name="Michels-MacBook-Air.local"
	Generator="ctest-3.11.1"
	CompilerName="/usr/local/Cellar/gcc/7.3.0_1/bin/g++-7"
	CompilerVersion="7.3.0"
	OSName="Mac OS X"
	Hostname="Michels-MacBook-Air.local"
	OSRelease="10.13.4"
	OSVersion="17E202"
	OSPlatform="x86_64"
	Is64Bits="1"
	VendorString="GenuineIntel"
	VendorID="Intel Corporation"
	FamilyID="6"
	ModelID="61"
	ProcessorCacheSize="32768"
	NumberOfLogicalCPU="4"
	NumberOfPhysicalCPU="2"
	TotalVirtualMemory="3072"
	TotalPhysicalMemory="8192"
	LogicalProcessorsPerPhysical="8"
	ProcessorClockFrequency="1600"
	>
	<Testing>
		<StartDateTime>May 17 14:49 CEST</StartDateTime>
		<StartTestTime>1526561358</StartTestTime>
		<TestList/>
		<EndDateTime>May 17 14:49 CEST</EndDateTime>
		<EndTestTime>1526561358</EndTestTime>
		<ElapsedMinutes>0</ElapsedMinutes>
	</Testing>
</Site>
